Determining if the include file any exists failed with the following output:
Change Dir: /Users/mmaenz/Projects/OcctRestService/third-party/drogon/build/CMakeFiles/CMakeTmp

Run Build Command(s):/opt/local/bin/gmake cmTC_788da/fast && /opt/local/bin/gmake -f CMakeFiles/cmTC_788da.dir/build.make CMakeFiles/cmTC_788da.dir/build
gmake[1]: Entering directory '/Users/mmaenz/Projects/OcctRestService/third-party/drogon/build/CMakeFiles/CMakeTmp'
Building CXX object CMakeFiles/cmTC_788da.dir/CheckIncludeFile.cxx.o
/Applications/Xcode.app/Contents/Developer/Toolchains/XcodeDefault.xctoolchain/usr/bin/c++     -o CMakeFiles/cmTC_788da.dir/CheckIncludeFile.cxx.o -c /Users/mmaenz/Projects/OcctRestService/third-party/drogon/build/CMakeFiles/CMakeTmp/CheckIncludeFile.cxx
/Users/mmaenz/Projects/OcctRestService/third-party/drogon/build/CMakeFiles/CMakeTmp/CheckIncludeFile.cxx:1:10: fatal error: 'any' file not found
#include <any>
         ^
1 error generated.
gmake[1]: *** [CMakeFiles/cmTC_788da.dir/build.make:66: CMakeFiles/cmTC_788da.dir/CheckIncludeFile.cxx.o] Error 1
gmake[1]: Leaving directory '/Users/mmaenz/Projects/OcctRestService/third-party/drogon/build/CMakeFiles/CMakeTmp'
gmake: *** [Makefile:121: cmTC_788da/fast] Error 2



Determining if the include file string_view exists failed with the following output:
Change Dir: /Users/mmaenz/Projects/OcctRestService/third-party/drogon/build/CMakeFiles/CMakeTmp

Run Build Command(s):/opt/local/bin/gmake cmTC_d1779/fast && /opt/local/bin/gmake -f CMakeFiles/cmTC_d1779.dir/build.make CMakeFiles/cmTC_d1779.dir/build
gmake[1]: Entering directory '/Users/mmaenz/Projects/OcctRestService/third-party/drogon/build/CMakeFiles/CMakeTmp'
Building CXX object CMakeFiles/cmTC_d1779.dir/CheckIncludeFile.cxx.o
/Applications/Xcode.app/Contents/Developer/Toolchains/XcodeDefault.xctoolchain/usr/bin/c++     -o CMakeFiles/cmTC_d1779.dir/CheckIncludeFile.cxx.o -c /Users/mmaenz/Projects/OcctRestService/third-party/drogon/build/CMakeFiles/CMakeTmp/CheckIncludeFile.cxx
/Users/mmaenz/Projects/OcctRestService/third-party/drogon/build/CMakeFiles/CMakeTmp/CheckIncludeFile.cxx:1:10: fatal error: 'string_view' file not found
#include <string_view>
         ^
1 error generated.
gmake[1]: *** [CMakeFiles/cmTC_d1779.dir/build.make:66: CMakeFiles/cmTC_d1779.dir/CheckIncludeFile.cxx.o] Error 1
gmake[1]: Leaving directory '/Users/mmaenz/Projects/OcctRestService/third-party/drogon/build/CMakeFiles/CMakeTmp'
gmake: *** [Makefile:121: cmTC_d1779/fast] Error 2



